# JRE version: OpenJDK Runtime Environment (8.0_202-b03) (build 1.8.0_202-release-1483-b03)
# Java VM: OpenJDK 64-Bit Server VM (25.202-b03 mixed mode windows-amd64 compressed oops)
Heap:
 PSYoungGen      total 470528K, used 346118K [0x00000000e0000000, 0x0000000100000000, 0x0000000100000000)
  eden space 424448K, 70% used [0x00000000e0000000,0x00000000f251fde0,0x00000000f9e80000)
  from space 46080K, 99% used [0x00000000f9e80000,0x00000000fcb61d70,0x00000000fcb80000)
  to   space 53760K, 0% used [0x00000000fcb80000,0x00000000fcb80000,0x0000000100000000)
 ParOldGen       total 421376K, used 184587K [0x00000000a0000000, 0x00000000b9b80000, 0x00000000e0000000)
  object space 421376K, 43% used [0x00000000a0000000,0x00000000ab442e38,0x00000000b9b80000)
 Metaspace       used 170997K, capacity 179878K, committed 180224K, reserved 1206272K
  class space    used 21339K, capacity 22929K, committed 23040K, reserved 1048576K
GC Heap History (10 events):
Event: 830.093 GC heap before
{Heap before GC invocations=60 (full 5):
 PSYoungGen      total 470016K, used 428920K [0x00000000e0000000, 0x00000000ffd80000, 0x0000000100000000)
  eden space 417792K, 100% used [0x00000000e0000000,0x00000000f9800000,0x00000000f9800000)
  from space 52224K, 21% used [0x00000000fca80000,0x00000000fd55e1e8,0x00000000ffd80000)
  to   space 51712K, 0% used [0x00000000f9800000,0x00000000f9800000,0x00000000fca80000)
 ParOldGen       total 421376K, used 155924K [0x00000000a0000000, 0x00000000b9b80000, 0x00000000e0000000)
  object space 421376K, 37% used [0x00000000a0000000,0x00000000a98452f0,0x00000000b9b80000)
 Metaspace       used 164998K, capacity 173118K, committed 173440K, reserved 1200128K
  class space    used 20803K, capacity 22309K, committed 22400K, reserved 1048576K
Event: 830.129 GC heap after
Heap after GC invocations=60 (full 5):
 PSYoungGen      total 469504K, used 11488K [0x00000000e0000000, 0x00000000ffd80000, 0x0000000100000000)
  eden space 417792K, 0% used [0x00000000e0000000,0x00000000e0000000,0x00000000f9800000)
  from space 51712K, 22% used [0x00000000f9800000,0x00000000fa338040,0x00000000fca80000)
  to   space 50688K, 0% used [0x00000000fcc00000,0x00000000fcc00000,0x00000000ffd80000)
 ParOldGen       total 421376K, used 166620K [0x00000000a0000000, 0x00000000b9b80000, 0x00000000e0000000)
  object space 421376K, 39% used [0x00000000a0000000,0x00000000aa2b70a0,0x00000000b9b80000)
 Metaspace       used 164998K, capacity 173118K, committed 173440K, reserved 1200128K
  class space    used 20803K, capacity 22309K, committed 22400K, reserved 1048576K
}
Event: 836.371 GC heap before
{Heap before GC invocations=61 (full 5):
 PSYoungGen      total 469504K, used 429280K [0x00000000e0000000, 0x00000000ffd80000, 0x0000000100000000)
  eden space 417792K, 100% used [0x00000000e0000000,0x00000000f9800000,0x00000000f9800000)
  from space 51712K, 22% used [0x00000000f9800000,0x00000000fa338040,0x00000000fca80000)
  to   space 50688K, 0% used [0x00000000fcc00000,0x00000000fcc00000,0x00000000ffd80000)
 ParOldGen       total 421376K, used 166620K [0x00000000a0000000, 0x00000000b9b80000, 0x00000000e0000000)
  object space 421376K, 39% used [0x00000000a0000000,0x00000000aa2b70a0,0x00000000b9b80000)
 Metaspace       used 165350K, capacity 173518K, committed 173696K, reserved 1200128K
  class space    used 20848K, capacity 22353K, committed 22400K, reserved 1048576K
Event: 836.464 GC heap after
Heap after GC invocations=61 (full 5):
 PSYoungGen      total 471552K, used 8849K [0x00000000e0000000, 0x00000000ffe00000, 0x0000000100000000)
  eden space 420864K, 0% used [0x00000000e0000000,0x00000000e0000000,0x00000000f9b00000)
  from space 50688K, 17% used [0x00000000fcc00000,0x00000000fd4a45d8,0x00000000ffd80000)
  to   space 50176K, 0% used [0x00000000f9b00000,0x00000000f9b00000,0x00000000fcc00000)
 ParOldGen       total 421376K, used 176820K [0x00000000a0000000, 0x00000000b9b80000, 0x00000000e0000000)
  object space 421376K, 41% used [0x00000000a0000000,0x00000000aacad0e0,0x00000000b9b80000)
 Metaspace       used 165350K, capacity 173518K, committed 173696K, reserved 1200128K
  class space    used 20848K, capacity 22353K, committed 22400K, reserved 1048576K
}
Event: 1257.915 GC heap before
{Heap before GC invocations=62 (full 5):
 PSYoungGen      total 471552K, used 429713K [0x00000000e0000000, 0x00000000ffe00000, 0x0000000100000000)
  eden space 420864K, 100% used [0x00000000e0000000,0x00000000f9b00000,0x00000000f9b00000)
  from space 50688K, 17% used [0x00000000fcc00000,0x00000000fd4a45d8,0x00000000ffd80000)
  to   space 50176K, 0% used [0x00000000f9b00000,0x00000000f9b00000,0x00000000fcc00000)
 ParOldGen       total 421376K, used 176820K [0x00000000a0000000, 0x00000000b9b80000, 0x00000000e0000000)
  object space 421376K, 41% used [0x00000000a0000000,0x00000000aacad0e0,0x00000000b9b80000)
 Metaspace       used 169706K, capacity 178116K, committed 178176K, reserved 1204224K
  class space    used 21223K, capacity 22760K, committed 22784K, reserved 1048576K
Event: 1257.962 GC heap after
Heap after GC invocations=62 (full 5):
 PSYoungGen      total 471040K, used 4868K [0x00000000e0000000, 0x00000000ffe80000, 0x0000000100000000)
  eden space 420864K, 0% used [0x00000000e0000000,0x00000000e0000000,0x00000000f9b00000)
  from space 50176K, 9% used [0x00000000f9b00000,0x00000000f9fc1020,0x00000000fcc00000)
  to   space 49664K, 0% used [0x00000000fce00000,0x00000000fce00000,0x00000000ffe80000)
 ParOldGen       total 421376K, used 179757K [0x00000000a0000000, 0x00000000b9b80000, 0x00000000e0000000)
  object space 421376K, 42% used [0x00000000a0000000,0x00000000aaf8b478,0x00000000b9b80000)
 Metaspace       used 169706K, capacity 178116K, committed 178176K, reserved 1204224K
  class space    used 21223K, capacity 22760K, committed 22784K, reserved 1048576K
}
Event: 1441.397 GC heap before
{Heap before GC invocations=63 (full 5):
 PSYoungGen      total 471040K, used 425732K [0x00000000e0000000, 0x00000000ffe80000, 0x0000000100000000)
  eden space 420864K, 100% used [0x00000000e0000000,0x00000000f9b00000,0x00000000f9b00000)
  from space 50176K, 9% used [0x00000000f9b00000,0x00000000f9fc1020,0x00000000fcc00000)
  to   space 49664K, 0% used [0x00000000fce00000,0x00000000fce00000,0x00000000ffe80000)
 ParOldGen       total 421376K, used 179757K [0x00000000a0000000, 0x00000000b9b80000, 0x00000000e0000000)
  object space 421376K, 42% used [0x00000000a0000000,0x00000000aaf8b478,0x00000000b9b80000)
 Metaspace       used 170321K, capacity 178844K, committed 179072K, reserved 1206272K
  class space    used 21282K, capacity 22842K, committed 22912K, reserved 1048576K
Event: 1441.417 GC heap after
Heap after GC invocations=63 (full 5):
 PSYoungGen      total 473088K, used 6400K [0x00000000e0000000, 0x00000000ffd80000, 0x0000000100000000)
  eden space 424448K, 0% used [0x00000000e0000000,0x00000000e0000000,0x00000000f9e80000)
  from space 48640K, 13% used [0x00000000fce00000,0x00000000fd440000,0x00000000ffd80000)
  to   space 48640K, 0% used [0x00000000f9e80000,0x00000000f9e80000,0x00000000fce00000)
 ParOldGen       total 421376K, used 180529K [0x00000000a0000000, 0x00000000b9b80000, 0x00000000e0000000)
  object space 421376K, 42% used [0x00000000a0000000,0x00000000ab04c508,0x00000000b9b80000)
 Metaspace       used 170321K, capacity 178844K, committed 179072K, reserved 1206272K
  class space    used 21282K, capacity 22842K, committed 22912K, reserved 1048576K
}
Event: 1507.238 GC heap before
{Heap before GC invocations=64 (full 5):
 PSYoungGen      total 473088K, used 430848K [0x00000000e0000000, 0x00000000ffd80000, 0x0000000100000000)
  eden space 424448K, 100% used [0x00000000e0000000,0x00000000f9e80000,0x00000000f9e80000)
  from space 48640K, 13% used [0x00000000fce00000,0x00000000fd440000,0x00000000ffd80000)
  to   space 48640K, 0% used [0x00000000f9e80000,0x00000000f9e80000,0x00000000fce00000)
 ParOldGen       total 421376K, used 180529K [0x00000000a0000000, 0x00000000b9b80000, 0x00000000e0000000)
  object space 421376K, 42% used [0x00000000a0000000,0x00000000ab04c508,0x00000000b9b80000)
 Metaspace       used 170642K, capacity 179356K, committed 179584K, reserved 1206272K
  class space    used 21307K, capacity 22884K, committed 22912K, reserved 1048576K
Event: 1507.308 GC heap after
Heap after GC invocations=64 (full 5):
 PSYoungGen      total 470528K, used 45959K [0x00000000e0000000, 0x0000000100000000, 0x0000000100000000)
  eden space 424448K, 0% used [0x00000000e0000000,0x00000000e0000000,0x00000000f9e80000)
  from space 46080K, 99% used [0x00000000f9e80000,0x00000000fcb61d70,0x00000000fcb80000)
  to   space 53760K, 0% used [0x00000000fcb80000,0x00000000fcb80000,0x0000000100000000)
 ParOldGen       total 421376K, used 184587K [0x00000000a0000000, 0x00000000b9b80000, 0x00000000e0000000)
  object space 421376K, 43% used [0x00000000a0000000,0x00000000ab442e38,0x00000000b9b80000)
 Metaspace       used 170642K, capacity 179356K, committed 179584K, reserved 1206272K
  class space    used 21307K, capacity 22884K, committed 22912K, reserved 1048576K
}

